<?xml version="1.0" encoding="UTF-8" ?>
<testsuite tests="5" failures="1" name="pl.notariusz.DarowiznaTest" time="41.056" errors="0" skipped="0">
  <properties>
[...]
</properties>
  <testcase classname="pl.notariusz.DarowiznaTest" name="zadluzenieTest" time="0.313"/>
  <testcase classname="pl.notariusz.DarowiznaTest" name="wartoscTest" time="0.154"/>
  <testcase classname="pl.notariusz.DarowiznaTest" name="podpisTest" time="0.437"/>
  <testcase classname="pl.notariusz.DarowiznaTest" name="podpisTest2" time="0.041"/>
  <testcase classname="pl.notariusz.DarowiznaTest" name="zgodaTest" time="40.111">
    <failure message="Expecting actual ProcessInstance {id=&apos;406&apos;, processDefinitionId=&apos;Zawiadomienie:1:403&apos;, businessKey=&apos;null&apos;} NOT to be waiting at [Telefon], but it is actually waiting at [Telefon]." type="java.lang.AssertionError">java.lang.AssertionError: Expecting actual ProcessInstance {id=&apos;406&apos;, processDefinitionId=&apos;Zawiadomienie:1:403&apos;, businessKey=&apos;null&apos;} NOT to be waiting at [Telefon], but it is actually waiting at [Telefon].
	at org.camunda.bpm.engine.test.assertions.ProcessInstanceAssert.isWaitingAt(ProcessInstanceAssert.java:118)
	at org.camunda.bpm.engine.test.assertions.ProcessInstanceAssert.isNotWaitingAt(ProcessInstanceAssert.java:75)
	at pl.notariusz.DarowiznaTest.zgodaTest(DarowiznaTest.java:91)
	at java.base/jdk.internal.reflect.NativeMethodAccessorImpl.invoke0(Native Method)
	at java.base/jdk.internal.reflect.NativeMethodAccessorImpl.invoke(NativeMethodAccessorImpl.java:62)
	at java.base/jdk.internal.reflect.DelegatingMethodAccessorImpl.invoke(DelegatingMethodAccessorImpl.java:43)
	at java.base/java.lang.reflect.Method.invoke(Method.java:564)
	at org.junit.runners.model.FrameworkMethod$1.runReflectiveCall(FrameworkMethod.java:50)
	at org.junit.internal.runners.model.ReflectiveCallable.run(ReflectiveCallable.java:12)
	at org.junit.runners.model.FrameworkMethod.invokeExplosively(FrameworkMethod.java:47)
	at org.junit.internal.runners.statements.InvokeMethod.evaluate(InvokeMethod.java:17)
	at org.junit.rules.TestWatcher$1.evaluate(TestWatcher.java:55)
	at org.camunda.bpm.engine.test.ProcessEngineRule$1.evaluate(ProcessEngineRule.java:165)
	at org.junit.rules.RunRules.evaluate(RunRules.java:20)
	at org.junit.runners.ParentRunner.runLeaf(ParentRunner.java:325)
	at org.junit.runners.BlockJUnit4ClassRunner.runChild(BlockJUnit4ClassRunner.java:78)
	at org.junit.runners.BlockJUnit4ClassRunner.runChild(BlockJUnit4ClassRunner.java:57)
	at org.junit.runners.ParentRunner$3.run(ParentRunner.java:290)
	at org.junit.runners.ParentRunner$1.schedule(ParentRunner.java:71)
	at org.junit.runners.ParentRunner.runChildren(ParentRunner.java:288)
	at org.junit.runners.ParentRunner.access$000(ParentRunner.java:58)
	at org.junit.runners.ParentRunner$2.evaluate(ParentRunner.java:268)
	at org.junit.runners.ParentRunner.run(ParentRunner.java:363)
	at org.apache.maven.surefire.junit4.JUnit4Provider.execute(JUnit4Provider.java:252)
	at org.apache.maven.surefire.junit4.JUnit4Provider.executeTestSet(JUnit4Provider.java:141)
	at org.apache.maven.surefire.junit4.JUnit4Provider.invoke(JUnit4Provider.java:112)
	at java.base/jdk.internal.reflect.NativeMethodAccessorImpl.invoke0(Native Method)
	at java.base/jdk.internal.reflect.NativeMethodAccessorImpl.invoke(NativeMethodAccessorImpl.java:62)
	at java.base/jdk.internal.reflect.DelegatingMethodAccessorImpl.invoke(DelegatingMethodAccessorImpl.java:43)
	at java.base/java.lang.reflect.Method.invoke(Method.java:564)
	at org.apache.maven.surefire.util.ReflectionUtils.invokeMethodWithArray(ReflectionUtils.java:189)
	at org.apache.maven.surefire.booter.ProviderFactory$ProviderProxy.invoke(ProviderFactory.java:165)
	at org.apache.maven.surefire.booter.ProviderFactory.invokeProvider(ProviderFactory.java:85)
	at org.apache.maven.surefire.booter.ForkedBooter.runSuitesInProcess(ForkedBooter.java:115)
	at org.apache.maven.surefire.booter.ForkedBooter.main(ForkedBooter.java:75)
</failure>
  </testcase>
</testsuite>